{"C:\\Users\\luisa\\Documents\\Documents\\Tec\\SEM 5\\Bloque 1\\ROLAC\\ROLAC\\src\\components\\multi.js": {"path":"C:\\Users\\luisa\\Documents\\Documents\\Tec\\SEM 5\\Bloque 1\\ROLAC\\ROLAC\\src\\components\\multi.js","statementMap":{"0":{"start":{"line":2,"column":4},"end":{"line":2,"column":17}},"1":{"start":{"line":4,"column":0},"end":{"line":4,"column":23}}},"fnMap":{"0":{"name":"multi","decl":{"start":{"line":1,"column":9},"end":{"line":1,"column":14}},"loc":{"start":{"line":1,"column":21},"end":{"line":3,"column":1}},"line":1}},"branchMap":{},"s":{"0":2,"1":1},"f":{"0":2},"b":{},"_coverageSchema":"1a1c01bbd47fc00a2c39e90264f33305004495a9","hash":"7df9fa96dfc9674dbd0515cbb8c1963880aec025"}
,"C:\\Users\\luisa\\Documents\\Documents\\Tec\\SEM 5\\Bloque 1\\ROLAC\\ROLAC\\src\\components\\sum.js": {"path":"C:\\Users\\luisa\\Documents\\Documents\\Tec\\SEM 5\\Bloque 1\\ROLAC\\ROLAC\\src\\components\\sum.js","statementMap":{"0":{"start":{"line":2,"column":4},"end":{"line":2,"column":17}},"1":{"start":{"line":4,"column":0},"end":{"line":4,"column":21}}},"fnMap":{"0":{"name":"sum","decl":{"start":{"line":1,"column":9},"end":{"line":1,"column":12}},"loc":{"start":{"line":1,"column":19},"end":{"line":3,"column":1}},"line":1}},"branchMap":{},"s":{"0":2,"1":1},"f":{"0":2},"b":{},"_coverageSchema":"1a1c01bbd47fc00a2c39e90264f33305004495a9","hash":"7eb5c6fdd673deeba25bf99b6ba6494252215b8a"}
}
